{
  "uid" : "21315bf9c47b64f1",
  "name" : "Assertion scope",
  "fullName" : "Assertion scope",
  "historyId" : "Assertion scope",
  "time" : {
    "start" : 1634504666296,
    "stop" : 1634504666415,
    "duration" : 119
  },
  "status" : "failed",
  "statusMessage" : "Expected value to be 10 because 5 should not be 10, but found 5.\nExpected string to be \"Expected\" with a length of 8, but \"Actual\" has a length of 6, differs near \"Act\" (index 0).\n",
  "statusTrace" : "NUnit.Framework.AssertionException: Expected value to be 10 because 5 should not be 10, but found 5.\nExpected string to be \"Expected\" with a length of 8, but \"Actual\" has a length of 6, differs near \"Act\" (index 0).\n\n   at FluentAssertions.Execution.LateBoundTestFramework.Throw(String message)\n   at FluentAssertions.Execution.TestFrameworkProvider.Throw(String message)\n   at FluentAssertions.Execution.CollectingAssertionStrategy.ThrowIfAny(IDictionary`2 context)\n   at Automated.Tests.Steps.Examples.ExampleFluentAssertionSteps.WhenCustomAssertionStep() in /home/runner/work/Automated/Automated/Automated.Tests/Steps/Examples/ExampleFluentAssertionSteps.cs:line 23\n   at TechTalk.SpecFlow.Bindings.BindingInvoker.InvokeBinding(IBinding binding, IContextManager contextManager, Object[] arguments, ITestTracer testTracer, TimeSpan& duration)\n   at Allure.SpecFlowPlugin.AllureBindingInvoker.InvokeBinding(IBinding binding, IContextManager contextManager, Object[] arguments, ITestTracer testTracer, TimeSpan& duration)\n   at TechTalk.SpecFlow.Infrastructure.TestExecutionEngine.ExecuteStepMatch(BindingMatch match, Object[] arguments)\n   at TechTalk.SpecFlow.Infrastructure.TestExecutionEngine.ExecuteStep(IContextManager contextManager, StepInstance stepInstance)",
  "flaky" : false,
  "newFailed" : false,
  "beforeStages" : [ {
    "name" : "BeforeFeature [0]",
    "time" : {
      "start" : 1634504666216,
      "stop" : 1634504666218,
      "duration" : 2
    },
    "status" : "passed",
    "steps" : [ ],
    "attachments" : [ ],
    "parameters" : [ ],
    "stepsCount" : 0,
    "attachmentsCount" : 0,
    "shouldDisplayMessage" : false,
    "hasContent" : false
  } ],
  "testStage" : {
    "status" : "failed",
    "statusMessage" : "Expected value to be 10 because 5 should not be 10, but found 5.\nExpected string to be \"Expected\" with a length of 8, but \"Actual\" has a length of 6, differs near \"Act\" (index 0).\n",
    "statusTrace" : "NUnit.Framework.AssertionException: Expected value to be 10 because 5 should not be 10, but found 5.\nExpected string to be \"Expected\" with a length of 8, but \"Actual\" has a length of 6, differs near \"Act\" (index 0).\n\n   at FluentAssertions.Execution.LateBoundTestFramework.Throw(String message)\n   at FluentAssertions.Execution.TestFrameworkProvider.Throw(String message)\n   at FluentAssertions.Execution.CollectingAssertionStrategy.ThrowIfAny(IDictionary`2 context)\n   at Automated.Tests.Steps.Examples.ExampleFluentAssertionSteps.WhenCustomAssertionStep() in /home/runner/work/Automated/Automated/Automated.Tests/Steps/Examples/ExampleFluentAssertionSteps.cs:line 23\n   at TechTalk.SpecFlow.Bindings.BindingInvoker.InvokeBinding(IBinding binding, IContextManager contextManager, Object[] arguments, ITestTracer testTracer, TimeSpan& duration)\n   at Allure.SpecFlowPlugin.AllureBindingInvoker.InvokeBinding(IBinding binding, IContextManager contextManager, Object[] arguments, ITestTracer testTracer, TimeSpan& duration)\n   at TechTalk.SpecFlow.Infrastructure.TestExecutionEngine.ExecuteStepMatch(BindingMatch match, Object[] arguments)\n   at TechTalk.SpecFlow.Infrastructure.TestExecutionEngine.ExecuteStep(IContextManager contextManager, StepInstance stepInstance)",
    "steps" : [ {
      "name" : "Given  Assertion scope step",
      "time" : {
        "start" : 1634504666296,
        "stop" : 1634504666411,
        "duration" : 115
      },
      "status" : "failed",
      "steps" : [ ],
      "attachments" : [ ],
      "parameters" : [ ],
      "stepsCount" : 0,
      "attachmentsCount" : 0,
      "shouldDisplayMessage" : false,
      "hasContent" : false
    } ],
    "attachments" : [ ],
    "parameters" : [ ],
    "stepsCount" : 1,
    "attachmentsCount" : 0,
    "shouldDisplayMessage" : true,
    "hasContent" : true
  },
  "afterStages" : [ {
    "name" : "AfterFeature [0]",
    "time" : {
      "start" : 1634504666421,
      "stop" : 1634504666421,
      "duration" : 0
    },
    "status" : "passed",
    "steps" : [ ],
    "attachments" : [ ],
    "parameters" : [ ],
    "stepsCount" : 0,
    "attachmentsCount" : 0,
    "shouldDisplayMessage" : false,
    "hasContent" : false
  } ],
  "labels" : [ {
    "name" : "thread",
    "value" : "ParallelWorker#1"
  }, {
    "name" : "host",
    "value" : "fv-az163-92"
  }, {
    "name" : "feature",
    "value" : "Example Fluent Assertion"
  }, {
    "name" : "resultFormat",
    "value" : "allure2"
  } ],
  "parameters" : [ ],
  "links" : [ ],
  "hidden" : false,
  "retry" : false,
  "extra" : {
    "severity" : "normal",
    "retries" : [ ],
    "categories" : [ {
      "name" : "Product defects",
      "matchedStatuses" : [ ],
      "flaky" : false
    } ],
    "tags" : [ ]
  },
  "source" : "21315bf9c47b64f1.json",
  "parameterValues" : [ ]
}