{
  "uid" : "f60831674a4cfe89",
  "name" : "Basic keywords example",
  "fullName" : "Basic keywords example",
  "historyId" : "Basic keywords example",
  "time" : {
    "start" : 1634504666867,
    "stop" : 1634504666874,
    "duration" : 7
  },
  "status" : "failed",
  "statusMessage" : "Expected (true) to be false, but found True.",
  "statusTrace" : "NUnit.Framework.AssertionException: Expected (true) to be false, but found True.\n   at FluentAssertions.Execution.LateBoundTestFramework.Throw(String message)\n   at FluentAssertions.Execution.TestFrameworkProvider.Throw(String message)\n   at FluentAssertions.Execution.DefaultAssertionStrategy.HandleFailure(String message)\n   at FluentAssertions.Execution.AssertionScope.FailWith(Func`1 failReasonFunc)\n   at FluentAssertions.Execution.AssertionScope.FailWith(Func`1 failReasonFunc)\n   at FluentAssertions.Execution.AssertionScope.FailWith(String message, Object[] args)\n   at FluentAssertions.Primitives.BooleanAssertions.BeFalse(String because, Object[] becauseArgs)\n   at Automated.Tests.Steps.ExampleGherkinLanguageSteps.ThenThisIsBut() in /home/runner/work/Automated/Automated/Automated.Tests/Steps/Examples/ExampleGherkinLanguageSteps.cs:line 52\n   at TechTalk.SpecFlow.Bindings.BindingInvoker.InvokeBinding(IBinding binding, IContextManager contextManager, Object[] arguments, ITestTracer testTracer, TimeSpan& duration)\n   at Allure.SpecFlowPlugin.AllureBindingInvoker.InvokeBinding(IBinding binding, IContextManager contextManager, Object[] arguments, ITestTracer testTracer, TimeSpan& duration)\n   at TechTalk.SpecFlow.Infrastructure.TestExecutionEngine.ExecuteStepMatch(BindingMatch match, Object[] arguments)\n   at TechTalk.SpecFlow.Infrastructure.TestExecutionEngine.ExecuteStep(IContextManager contextManager, StepInstance stepInstance)",
  "flaky" : false,
  "newFailed" : false,
  "beforeStages" : [ {
    "name" : "SomeTag [10000]",
    "time" : {
      "start" : 1634504666848,
      "stop" : 1634504666849,
      "duration" : 1
    },
    "status" : "passed",
    "steps" : [ ],
    "attachments" : [ ],
    "parameters" : [ ],
    "stepsCount" : 0,
    "attachmentsCount" : 0,
    "shouldDisplayMessage" : false,
    "hasContent" : false
  }, {
    "name" : "BeforeFeature [0]",
    "time" : {
      "start" : 1634504666847,
      "stop" : 1634504666847,
      "duration" : 0
    },
    "status" : "passed",
    "steps" : [ ],
    "attachments" : [ ],
    "parameters" : [ ],
    "stepsCount" : 0,
    "attachmentsCount" : 0,
    "shouldDisplayMessage" : false,
    "hasContent" : false
  } ],
  "testStage" : {
    "status" : "failed",
    "statusMessage" : "Expected (true) to be false, but found True.",
    "statusTrace" : "NUnit.Framework.AssertionException: Expected (true) to be false, but found True.\n   at FluentAssertions.Execution.LateBoundTestFramework.Throw(String message)\n   at FluentAssertions.Execution.TestFrameworkProvider.Throw(String message)\n   at FluentAssertions.Execution.DefaultAssertionStrategy.HandleFailure(String message)\n   at FluentAssertions.Execution.AssertionScope.FailWith(Func`1 failReasonFunc)\n   at FluentAssertions.Execution.AssertionScope.FailWith(Func`1 failReasonFunc)\n   at FluentAssertions.Execution.AssertionScope.FailWith(String message, Object[] args)\n   at FluentAssertions.Primitives.BooleanAssertions.BeFalse(String because, Object[] becauseArgs)\n   at Automated.Tests.Steps.ExampleGherkinLanguageSteps.ThenThisIsBut() in /home/runner/work/Automated/Automated/Automated.Tests/Steps/Examples/ExampleGherkinLanguageSteps.cs:line 52\n   at TechTalk.SpecFlow.Bindings.BindingInvoker.InvokeBinding(IBinding binding, IContextManager contextManager, Object[] arguments, ITestTracer testTracer, TimeSpan& duration)\n   at Allure.SpecFlowPlugin.AllureBindingInvoker.InvokeBinding(IBinding binding, IContextManager contextManager, Object[] arguments, ITestTracer testTracer, TimeSpan& duration)\n   at TechTalk.SpecFlow.Infrastructure.TestExecutionEngine.ExecuteStepMatch(BindingMatch match, Object[] arguments)\n   at TechTalk.SpecFlow.Infrastructure.TestExecutionEngine.ExecuteStep(IContextManager contextManager, StepInstance stepInstance)",
    "steps" : [ {
      "name" : "Given  this is given for all scenarious in feature",
      "time" : {
        "start" : 1634504666867,
        "stop" : 1634504666867,
        "duration" : 0
      },
      "status" : "passed",
      "steps" : [ ],
      "attachments" : [ ],
      "parameters" : [ ],
      "stepsCount" : 0,
      "attachmentsCount" : 0,
      "shouldDisplayMessage" : false,
      "hasContent" : false
    }, {
      "name" : "Given  this is given",
      "time" : {
        "start" : 1634504666867,
        "stop" : 1634504666868,
        "duration" : 1
      },
      "status" : "passed",
      "steps" : [ ],
      "attachments" : [ ],
      "parameters" : [ ],
      "stepsCount" : 0,
      "attachmentsCount" : 0,
      "shouldDisplayMessage" : false,
      "hasContent" : false
    }, {
      "name" : "And  this is and",
      "time" : {
        "start" : 1634504666868,
        "stop" : 1634504666868,
        "duration" : 0
      },
      "status" : "passed",
      "steps" : [ ],
      "attachments" : [ ],
      "parameters" : [ ],
      "stepsCount" : 0,
      "attachmentsCount" : 0,
      "shouldDisplayMessage" : false,
      "hasContent" : false
    }, {
      "name" : "*  this is asterisk",
      "time" : {
        "start" : 1634504666868,
        "stop" : 1634504666869,
        "duration" : 1
      },
      "status" : "passed",
      "steps" : [ ],
      "attachments" : [ ],
      "parameters" : [ ],
      "stepsCount" : 0,
      "attachmentsCount" : 0,
      "shouldDisplayMessage" : false,
      "hasContent" : false
    }, {
      "name" : "When  this is when with 'string' parameter",
      "time" : {
        "start" : 1634504666869,
        "stop" : 1634504666869,
        "duration" : 0
      },
      "status" : "passed",
      "steps" : [ ],
      "attachments" : [ ],
      "parameters" : [ ],
      "stepsCount" : 0,
      "attachmentsCount" : 0,
      "shouldDisplayMessage" : false,
      "hasContent" : false
    }, {
      "name" : "Then  this is then with int '3' parameter",
      "time" : {
        "start" : 1634504666870,
        "stop" : 1634504666870,
        "duration" : 0
      },
      "status" : "passed",
      "steps" : [ ],
      "attachments" : [ ],
      "parameters" : [ ],
      "stepsCount" : 0,
      "attachmentsCount" : 0,
      "shouldDisplayMessage" : false,
      "hasContent" : false
    }, {
      "name" : "But  this is failed but",
      "time" : {
        "start" : 1634504666870,
        "stop" : 1634504666873,
        "duration" : 3
      },
      "status" : "failed",
      "steps" : [ ],
      "attachments" : [ ],
      "parameters" : [ ],
      "stepsCount" : 0,
      "attachmentsCount" : 0,
      "shouldDisplayMessage" : false,
      "hasContent" : false
    } ],
    "attachments" : [ ],
    "parameters" : [ ],
    "stepsCount" : 7,
    "attachmentsCount" : 0,
    "shouldDisplayMessage" : true,
    "hasContent" : true
  },
  "afterStages" : [ {
    "name" : "AfterFeature [0]",
    "time" : {
      "start" : 1634504666883,
      "stop" : 1634504666883,
      "duration" : 0
    },
    "status" : "passed",
    "steps" : [ ],
    "attachments" : [ ],
    "parameters" : [ ],
    "stepsCount" : 0,
    "attachmentsCount" : 0,
    "shouldDisplayMessage" : false,
    "hasContent" : false
  } ],
  "labels" : [ {
    "name" : "thread",
    "value" : "ParallelWorker#2"
  }, {
    "name" : "host",
    "value" : "fv-az163-92"
  }, {
    "name" : "feature",
    "value" : "Exmple with Gherkin Language"
  }, {
    "name" : "tag",
    "value" : "someTag"
  }, {
    "name" : "resultFormat",
    "value" : "allure2"
  } ],
  "parameters" : [ ],
  "links" : [ ],
  "hidden" : false,
  "retry" : false,
  "extra" : {
    "severity" : "normal",
    "retries" : [ ],
    "categories" : [ {
      "name" : "Product defects",
      "matchedStatuses" : [ ],
      "flaky" : false
    } ],
    "tags" : [ "someTag" ]
  },
  "source" : "f60831674a4cfe89.json",
  "parameterValues" : [ ]
}