{
  "uid" : "6f0eaf54e5677b4b",
  "name" : "Basic keywords example",
  "fullName" : "Basic keywords example",
  "historyId" : "Basic keywords example",
  "time" : {
    "start" : 1635981807462,
    "stop" : 1635981807469,
    "duration" : 7
  },
  "status" : "failed",
  "statusMessage" : "Expected (true) to be false, but found True.",
  "statusTrace" : "NUnit.Framework.AssertionException: Expected (true) to be false, but found True.\n   at FluentAssertions.Execution.LateBoundTestFramework.Throw(String message)\n   at FluentAssertions.Execution.TestFrameworkProvider.Throw(String message)\n   at FluentAssertions.Execution.DefaultAssertionStrategy.HandleFailure(String message)\n   at FluentAssertions.Execution.AssertionScope.FailWith(Func`1 failReasonFunc)\n   at FluentAssertions.Execution.AssertionScope.FailWith(Func`1 failReasonFunc)\n   at FluentAssertions.Execution.AssertionScope.FailWith(String message, Object[] args)\n   at FluentAssertions.Primitives.BooleanAssertions`1.BeFalse(String because, Object[] becauseArgs)\n   at Automated.Tests.Steps.ExampleGherkinLanguageSteps.ThenThisIsBut() in /home/runner/work/Automated/Automated/Automated.Tests/Steps/Examples/ExampleGherkinLanguageSteps.cs:line 52\n   at TechTalk.SpecFlow.Bindings.BindingInvoker.InvokeBinding(IBinding binding, IContextManager contextManager, Object[] arguments, ITestTracer testTracer, TimeSpan& duration)\n   at Allure.SpecFlowPlugin.AllureBindingInvoker.InvokeBinding(IBinding binding, IContextManager contextManager, Object[] arguments, ITestTracer testTracer, TimeSpan& duration)\n   at TechTalk.SpecFlow.Infrastructure.TestExecutionEngine.ExecuteStepMatch(BindingMatch match, Object[] arguments)\n   at TechTalk.SpecFlow.Infrastructure.TestExecutionEngine.ExecuteStep(IContextManager contextManager, StepInstance stepInstance)",
  "flaky" : false,
  "newFailed" : false,
  "beforeStages" : [ {
    "name" : "CreateLoggerInstance [0]",
    "time" : {
      "start" : 1635981807444,
      "stop" : 1635981807444,
      "duration" : 0
    },
    "status" : "passed",
    "steps" : [ ],
    "attachments" : [ ],
    "parameters" : [ ],
    "stepsCount" : 0,
    "attachmentsCount" : 0,
    "shouldDisplayMessage" : false,
    "hasContent" : false
  }, {
    "name" : "SomeTag [10000]",
    "time" : {
      "start" : 1635981807444,
      "stop" : 1635981807445,
      "duration" : 1
    },
    "status" : "passed",
    "steps" : [ ],
    "attachments" : [ ],
    "parameters" : [ ],
    "stepsCount" : 0,
    "attachmentsCount" : 0,
    "shouldDisplayMessage" : false,
    "hasContent" : false
  }, {
    "name" : "BeforeFeature [0]",
    "time" : {
      "start" : 1635981807443,
      "stop" : 1635981807443,
      "duration" : 0
    },
    "status" : "passed",
    "steps" : [ ],
    "attachments" : [ ],
    "parameters" : [ ],
    "stepsCount" : 0,
    "attachmentsCount" : 0,
    "shouldDisplayMessage" : false,
    "hasContent" : false
  } ],
  "testStage" : {
    "status" : "failed",
    "statusMessage" : "Expected (true) to be false, but found True.",
    "statusTrace" : "NUnit.Framework.AssertionException: Expected (true) to be false, but found True.\n   at FluentAssertions.Execution.LateBoundTestFramework.Throw(String message)\n   at FluentAssertions.Execution.TestFrameworkProvider.Throw(String message)\n   at FluentAssertions.Execution.DefaultAssertionStrategy.HandleFailure(String message)\n   at FluentAssertions.Execution.AssertionScope.FailWith(Func`1 failReasonFunc)\n   at FluentAssertions.Execution.AssertionScope.FailWith(Func`1 failReasonFunc)\n   at FluentAssertions.Execution.AssertionScope.FailWith(String message, Object[] args)\n   at FluentAssertions.Primitives.BooleanAssertions`1.BeFalse(String because, Object[] becauseArgs)\n   at Automated.Tests.Steps.ExampleGherkinLanguageSteps.ThenThisIsBut() in /home/runner/work/Automated/Automated/Automated.Tests/Steps/Examples/ExampleGherkinLanguageSteps.cs:line 52\n   at TechTalk.SpecFlow.Bindings.BindingInvoker.InvokeBinding(IBinding binding, IContextManager contextManager, Object[] arguments, ITestTracer testTracer, TimeSpan& duration)\n   at Allure.SpecFlowPlugin.AllureBindingInvoker.InvokeBinding(IBinding binding, IContextManager contextManager, Object[] arguments, ITestTracer testTracer, TimeSpan& duration)\n   at TechTalk.SpecFlow.Infrastructure.TestExecutionEngine.ExecuteStepMatch(BindingMatch match, Object[] arguments)\n   at TechTalk.SpecFlow.Infrastructure.TestExecutionEngine.ExecuteStep(IContextManager contextManager, StepInstance stepInstance)",
    "steps" : [ {
      "name" : "Given  this is given for all scenarious in feature",
      "time" : {
        "start" : 1635981807462,
        "stop" : 1635981807463,
        "duration" : 1
      },
      "status" : "passed",
      "steps" : [ ],
      "attachments" : [ ],
      "parameters" : [ ],
      "stepsCount" : 0,
      "attachmentsCount" : 0,
      "shouldDisplayMessage" : false,
      "hasContent" : false
    }, {
      "name" : "Given  this is given",
      "time" : {
        "start" : 1635981807463,
        "stop" : 1635981807463,
        "duration" : 0
      },
      "status" : "passed",
      "steps" : [ ],
      "attachments" : [ ],
      "parameters" : [ ],
      "stepsCount" : 0,
      "attachmentsCount" : 0,
      "shouldDisplayMessage" : false,
      "hasContent" : false
    }, {
      "name" : "And  this is and",
      "time" : {
        "start" : 1635981807464,
        "stop" : 1635981807464,
        "duration" : 0
      },
      "status" : "passed",
      "steps" : [ ],
      "attachments" : [ ],
      "parameters" : [ ],
      "stepsCount" : 0,
      "attachmentsCount" : 0,
      "shouldDisplayMessage" : false,
      "hasContent" : false
    }, {
      "name" : "*  this is asterisk",
      "time" : {
        "start" : 1635981807464,
        "stop" : 1635981807464,
        "duration" : 0
      },
      "status" : "passed",
      "steps" : [ ],
      "attachments" : [ ],
      "parameters" : [ ],
      "stepsCount" : 0,
      "attachmentsCount" : 0,
      "shouldDisplayMessage" : false,
      "hasContent" : false
    }, {
      "name" : "When  this is when with 'string' parameter",
      "time" : {
        "start" : 1635981807464,
        "stop" : 1635981807465,
        "duration" : 1
      },
      "status" : "passed",
      "steps" : [ ],
      "attachments" : [ ],
      "parameters" : [ ],
      "stepsCount" : 0,
      "attachmentsCount" : 0,
      "shouldDisplayMessage" : false,
      "hasContent" : false
    }, {
      "name" : "Then  this is then with int '3' parameter",
      "time" : {
        "start" : 1635981807465,
        "stop" : 1635981807466,
        "duration" : 1
      },
      "status" : "passed",
      "steps" : [ ],
      "attachments" : [ ],
      "parameters" : [ ],
      "stepsCount" : 0,
      "attachmentsCount" : 0,
      "shouldDisplayMessage" : false,
      "hasContent" : false
    }, {
      "name" : "But  this is failed but",
      "time" : {
        "start" : 1635981807466,
        "stop" : 1635981807468,
        "duration" : 2
      },
      "status" : "failed",
      "steps" : [ ],
      "attachments" : [ ],
      "parameters" : [ ],
      "stepsCount" : 0,
      "attachmentsCount" : 0,
      "shouldDisplayMessage" : false,
      "hasContent" : false
    } ],
    "attachments" : [ ],
    "parameters" : [ ],
    "stepsCount" : 7,
    "attachmentsCount" : 0,
    "shouldDisplayMessage" : true,
    "hasContent" : true
  },
  "afterStages" : [ {
    "name" : "AfterFeature [0]",
    "time" : {
      "start" : 1635981807481,
      "stop" : 1635981807481,
      "duration" : 0
    },
    "status" : "passed",
    "steps" : [ ],
    "attachments" : [ ],
    "parameters" : [ ],
    "stepsCount" : 0,
    "attachmentsCount" : 0,
    "shouldDisplayMessage" : false,
    "hasContent" : false
  } ],
  "labels" : [ {
    "name" : "thread",
    "value" : "ParallelWorker#2"
  }, {
    "name" : "host",
    "value" : "fv-az180-894"
  }, {
    "name" : "feature",
    "value" : "Exmple with Gherkin Language"
  }, {
    "name" : "tag",
    "value" : "someTag"
  }, {
    "name" : "resultFormat",
    "value" : "allure2"
  } ],
  "parameters" : [ ],
  "links" : [ ],
  "hidden" : false,
  "retry" : false,
  "extra" : {
    "severity" : "normal",
    "retries" : [ ],
    "categories" : [ {
      "name" : "Product defects",
      "matchedStatuses" : [ ],
      "flaky" : false
    } ],
    "history" : {
      "statistic" : {
        "failed" : 2,
        "broken" : 0,
        "skipped" : 0,
        "passed" : 0,
        "unknown" : 0,
        "total" : 2
      },
      "items" : [ {
        "uid" : "88905f5081f440c9",
        "reportUrl" : "https://pavliukStanislav.github.io/Automated/120//#testresult/88905f5081f440c9",
        "status" : "failed",
        "statusDetails" : "Expected (true) to be false, but found True.",
        "time" : {
          "start" : 1634641062936,
          "stop" : 1634641062961,
          "duration" : 25
        }
      } ]
    },
    "tags" : [ "someTag" ]
  },
  "source" : "6f0eaf54e5677b4b.json",
  "parameterValues" : [ ]
}