{
  "uid" : "35b30ee205afe070",
  "name" : "Basic keywords example",
  "fullName" : "Basic keywords example",
  "historyId" : "Basic keywords example",
  "time" : {
    "start" : 1638276613942,
    "stop" : 1638276613951,
    "duration" : 9
  },
  "status" : "failed",
  "statusMessage" : "Expected boolean to be false, but found True.",
  "statusTrace" : "NUnit.Framework.AssertionException: Expected boolean to be false, but found True.\n   at FluentAssertions.Execution.LateBoundTestFramework.Throw(String message)\n   at FluentAssertions.Execution.TestFrameworkProvider.Throw(String message)\n   at FluentAssertions.Execution.DefaultAssertionStrategy.HandleFailure(String message)\n   at FluentAssertions.Execution.AssertionScope.FailWith(Func`1 failReasonFunc)\n   at FluentAssertions.Execution.AssertionScope.FailWith(Func`1 failReasonFunc)\n   at FluentAssertions.Execution.AssertionScope.FailWith(String message, Object[] args)\n   at FluentAssertions.Primitives.BooleanAssertions`1.BeFalse(String because, Object[] becauseArgs)\n   at Automated.API.Tests.Steps.ExampleGherkinLanguageSteps.ThenThisIsBut() in /home/runner/work/Automated/Automated/Automated.API.Tests/Steps/Examples/ExampleGherkinLanguageSteps.cs:line 52\n   at TechTalk.SpecFlow.Bindings.BindingInvoker.InvokeBinding(IBinding binding, IContextManager contextManager, Object[] arguments, ITestTracer testTracer, TimeSpan& duration)\n   at Allure.SpecFlowPlugin.AllureBindingInvoker.InvokeBinding(IBinding binding, IContextManager contextManager, Object[] arguments, ITestTracer testTracer, TimeSpan& duration)\n   at TechTalk.SpecFlow.Infrastructure.TestExecutionEngine.ExecuteStepMatch(BindingMatch match, Object[] arguments)\n   at TechTalk.SpecFlow.Infrastructure.TestExecutionEngine.ExecuteStep(IContextManager contextManager, StepInstance stepInstance)",
  "flaky" : false,
  "newFailed" : false,
  "beforeStages" : [ {
    "name" : "CreateLoggerInstance [0]",
    "time" : {
      "start" : 1638276613922,
      "stop" : 1638276613922,
      "duration" : 0
    },
    "status" : "passed",
    "steps" : [ ],
    "attachments" : [ ],
    "parameters" : [ ],
    "shouldDisplayMessage" : false,
    "hasContent" : false,
    "stepsCount" : 0,
    "attachmentsCount" : 0
  }, {
    "name" : "SomeTag [10000]",
    "time" : {
      "start" : 1638276613922,
      "stop" : 1638276613922,
      "duration" : 0
    },
    "status" : "passed",
    "steps" : [ ],
    "attachments" : [ ],
    "parameters" : [ ],
    "shouldDisplayMessage" : false,
    "hasContent" : false,
    "stepsCount" : 0,
    "attachmentsCount" : 0
  }, {
    "name" : "BeforeFeature [0]",
    "time" : {
      "start" : 1638276613921,
      "stop" : 1638276613921,
      "duration" : 0
    },
    "status" : "passed",
    "steps" : [ ],
    "attachments" : [ ],
    "parameters" : [ ],
    "shouldDisplayMessage" : false,
    "hasContent" : false,
    "stepsCount" : 0,
    "attachmentsCount" : 0
  } ],
  "testStage" : {
    "status" : "failed",
    "statusMessage" : "Expected boolean to be false, but found True.",
    "statusTrace" : "NUnit.Framework.AssertionException: Expected boolean to be false, but found True.\n   at FluentAssertions.Execution.LateBoundTestFramework.Throw(String message)\n   at FluentAssertions.Execution.TestFrameworkProvider.Throw(String message)\n   at FluentAssertions.Execution.DefaultAssertionStrategy.HandleFailure(String message)\n   at FluentAssertions.Execution.AssertionScope.FailWith(Func`1 failReasonFunc)\n   at FluentAssertions.Execution.AssertionScope.FailWith(Func`1 failReasonFunc)\n   at FluentAssertions.Execution.AssertionScope.FailWith(String message, Object[] args)\n   at FluentAssertions.Primitives.BooleanAssertions`1.BeFalse(String because, Object[] becauseArgs)\n   at Automated.API.Tests.Steps.ExampleGherkinLanguageSteps.ThenThisIsBut() in /home/runner/work/Automated/Automated/Automated.API.Tests/Steps/Examples/ExampleGherkinLanguageSteps.cs:line 52\n   at TechTalk.SpecFlow.Bindings.BindingInvoker.InvokeBinding(IBinding binding, IContextManager contextManager, Object[] arguments, ITestTracer testTracer, TimeSpan& duration)\n   at Allure.SpecFlowPlugin.AllureBindingInvoker.InvokeBinding(IBinding binding, IContextManager contextManager, Object[] arguments, ITestTracer testTracer, TimeSpan& duration)\n   at TechTalk.SpecFlow.Infrastructure.TestExecutionEngine.ExecuteStepMatch(BindingMatch match, Object[] arguments)\n   at TechTalk.SpecFlow.Infrastructure.TestExecutionEngine.ExecuteStep(IContextManager contextManager, StepInstance stepInstance)",
    "steps" : [ {
      "name" : "Given  this is given for all scenarious in feature",
      "time" : {
        "start" : 1638276613943,
        "stop" : 1638276613943,
        "duration" : 0
      },
      "status" : "passed",
      "steps" : [ ],
      "attachments" : [ ],
      "parameters" : [ ],
      "shouldDisplayMessage" : false,
      "hasContent" : false,
      "stepsCount" : 0,
      "attachmentsCount" : 0
    }, {
      "name" : "Given  this is given",
      "time" : {
        "start" : 1638276613944,
        "stop" : 1638276613944,
        "duration" : 0
      },
      "status" : "passed",
      "steps" : [ ],
      "attachments" : [ ],
      "parameters" : [ ],
      "shouldDisplayMessage" : false,
      "hasContent" : false,
      "stepsCount" : 0,
      "attachmentsCount" : 0
    }, {
      "name" : "And  this is and",
      "time" : {
        "start" : 1638276613944,
        "stop" : 1638276613945,
        "duration" : 1
      },
      "status" : "passed",
      "steps" : [ ],
      "attachments" : [ ],
      "parameters" : [ ],
      "shouldDisplayMessage" : false,
      "hasContent" : false,
      "stepsCount" : 0,
      "attachmentsCount" : 0
    }, {
      "name" : "*  this is asterisk",
      "time" : {
        "start" : 1638276613945,
        "stop" : 1638276613946,
        "duration" : 1
      },
      "status" : "passed",
      "steps" : [ ],
      "attachments" : [ ],
      "parameters" : [ ],
      "shouldDisplayMessage" : false,
      "hasContent" : false,
      "stepsCount" : 0,
      "attachmentsCount" : 0
    }, {
      "name" : "When  this is when with 'string' parameter",
      "time" : {
        "start" : 1638276613946,
        "stop" : 1638276613946,
        "duration" : 0
      },
      "status" : "passed",
      "steps" : [ ],
      "attachments" : [ ],
      "parameters" : [ ],
      "shouldDisplayMessage" : false,
      "hasContent" : false,
      "stepsCount" : 0,
      "attachmentsCount" : 0
    }, {
      "name" : "Then  this is then with int '3' parameter",
      "time" : {
        "start" : 1638276613947,
        "stop" : 1638276613948,
        "duration" : 1
      },
      "status" : "passed",
      "steps" : [ ],
      "attachments" : [ ],
      "parameters" : [ ],
      "shouldDisplayMessage" : false,
      "hasContent" : false,
      "stepsCount" : 0,
      "attachmentsCount" : 0
    }, {
      "name" : "But  this is failed but",
      "time" : {
        "start" : 1638276613948,
        "stop" : 1638276613950,
        "duration" : 2
      },
      "status" : "failed",
      "steps" : [ ],
      "attachments" : [ ],
      "parameters" : [ ],
      "shouldDisplayMessage" : false,
      "hasContent" : false,
      "stepsCount" : 0,
      "attachmentsCount" : 0
    } ],
    "attachments" : [ ],
    "parameters" : [ ],
    "shouldDisplayMessage" : true,
    "hasContent" : true,
    "stepsCount" : 7,
    "attachmentsCount" : 0
  },
  "afterStages" : [ {
    "name" : "AddLogsToAllure [0]",
    "time" : {
      "start" : 1638276613951,
      "stop" : 1638276613951,
      "duration" : 0
    },
    "status" : "passed",
    "steps" : [ ],
    "attachments" : [ {
      "uid" : "ed4ca1d408757555",
      "name" : "Copy Basic keywords example_de543918-f00d-46e9-a574-832341b0056f.log",
      "source" : "ed4ca1d408757555.log",
      "type" : "text/plain",
      "size" : 207
    } ],
    "parameters" : [ ],
    "shouldDisplayMessage" : false,
    "hasContent" : true,
    "stepsCount" : 0,
    "attachmentsCount" : 1
  }, {
    "name" : "AfterFeature [0]",
    "time" : {
      "start" : 1638276613985,
      "stop" : 1638276613985,
      "duration" : 0
    },
    "status" : "passed",
    "steps" : [ ],
    "attachments" : [ ],
    "parameters" : [ ],
    "shouldDisplayMessage" : false,
    "hasContent" : false,
    "stepsCount" : 0,
    "attachmentsCount" : 0
  } ],
  "labels" : [ {
    "name" : "thread",
    "value" : "ParallelWorker#1"
  }, {
    "name" : "host",
    "value" : "fv-az252-415"
  }, {
    "name" : "feature",
    "value" : "Exmple with Gherkin Language"
  }, {
    "name" : "tag",
    "value" : "someTag"
  }, {
    "name" : "resultFormat",
    "value" : "allure2"
  } ],
  "parameters" : [ ],
  "links" : [ ],
  "hidden" : false,
  "retry" : false,
  "extra" : {
    "severity" : "normal",
    "retries" : [ ],
    "categories" : [ {
      "name" : "Product defects",
      "matchedStatuses" : [ ],
      "flaky" : false
    } ],
    "history" : {
      "statistic" : {
        "failed" : 5,
        "broken" : 0,
        "skipped" : 0,
        "passed" : 0,
        "unknown" : 0,
        "total" : 5
      },
      "items" : [ {
        "uid" : "6e096bc09628b654",
        "reportUrl" : "https://pavliukStanislav.github.io/Automated/144//#testresult/6e096bc09628b654",
        "status" : "failed",
        "statusDetails" : "Expected boolean to be false, but found True.",
        "time" : {
          "start" : 1638213863948,
          "stop" : 1638213863959,
          "duration" : 11
        }
      }, {
        "uid" : "8f4da40344da7788",
        "reportUrl" : "https://pavliukStanislav.github.io/Automated/143//#testresult/8f4da40344da7788",
        "status" : "failed",
        "statusDetails" : "Expected boolean to be false, but found True.",
        "time" : {
          "start" : 1638040557275,
          "stop" : 1638040557283,
          "duration" : 8
        }
      }, {
        "uid" : "73d98673b269fd93",
        "reportUrl" : "https://pavliukStanislav.github.io/Automated/142//#testresult/73d98673b269fd93",
        "status" : "failed",
        "statusDetails" : "Expected boolean to be false, but found True.",
        "time" : {
          "start" : 1637713720356,
          "stop" : 1637713720364,
          "duration" : 8
        }
      }, {
        "uid" : "5679d5a9394c6dd",
        "reportUrl" : "https://pavliukStanislav.github.io/Automated/141//#testresult/5679d5a9394c6dd",
        "status" : "failed",
        "statusDetails" : "Expected boolean to be false, but found True.",
        "time" : {
          "start" : 1637713448917,
          "stop" : 1637713448923,
          "duration" : 6
        }
      } ]
    },
    "tags" : [ "someTag" ]
  },
  "source" : "35b30ee205afe070.json",
  "parameterValues" : [ ]
}