{
  "uid" : "da5b816d0e59e717",
  "name" : "Assertion scope",
  "fullName" : "Assertion scope",
  "historyId" : "Assertion scope",
  "time" : {
    "start" : 1638276613716,
    "stop" : 1638276613883,
    "duration" : 167
  },
  "status" : "failed",
  "statusMessage" : "Expected value to be 10 because 5 should not be 10, but found 5.\nExpected string to be \"Expected\" with a length of 8, but \"Actual\" has a length of 6, differs near \"Act\" (index 0).\n",
  "statusTrace" : "NUnit.Framework.AssertionException: Expected value to be 10 because 5 should not be 10, but found 5.\nExpected string to be \"Expected\" with a length of 8, but \"Actual\" has a length of 6, differs near \"Act\" (index 0).\n\n   at FluentAssertions.Execution.LateBoundTestFramework.Throw(String message)\n   at FluentAssertions.Execution.TestFrameworkProvider.Throw(String message)\n   at FluentAssertions.Execution.CollectingAssertionStrategy.ThrowIfAny(IDictionary`2 context)\n   at Automated.API.Tests.Steps.Examples.ExampleFluentAssertionSteps.WhenCustomAssertionStep() in /home/runner/work/Automated/Automated/Automated.API.Tests/Steps/Examples/ExampleFluentAssertionSteps.cs:line 23\n   at TechTalk.SpecFlow.Bindings.BindingInvoker.InvokeBinding(IBinding binding, IContextManager contextManager, Object[] arguments, ITestTracer testTracer, TimeSpan& duration)\n   at Allure.SpecFlowPlugin.AllureBindingInvoker.InvokeBinding(IBinding binding, IContextManager contextManager, Object[] arguments, ITestTracer testTracer, TimeSpan& duration)\n   at TechTalk.SpecFlow.Infrastructure.TestExecutionEngine.ExecuteStepMatch(BindingMatch match, Object[] arguments)\n   at TechTalk.SpecFlow.Infrastructure.TestExecutionEngine.ExecuteStep(IContextManager contextManager, StepInstance stepInstance)",
  "flaky" : false,
  "newFailed" : false,
  "beforeStages" : [ {
    "name" : "CreateLoggerInstance [0]",
    "time" : {
      "start" : 1638276613716,
      "stop" : 1638276613716,
      "duration" : 0
    },
    "status" : "passed",
    "steps" : [ ],
    "attachments" : [ ],
    "parameters" : [ ],
    "shouldDisplayMessage" : false,
    "hasContent" : false,
    "stepsCount" : 0,
    "attachmentsCount" : 0
  }, {
    "name" : "BeforeFeature [0]",
    "time" : {
      "start" : 1638276613599,
      "stop" : 1638276613600,
      "duration" : 1
    },
    "status" : "passed",
    "steps" : [ ],
    "attachments" : [ ],
    "parameters" : [ ],
    "shouldDisplayMessage" : false,
    "hasContent" : false,
    "stepsCount" : 0,
    "attachmentsCount" : 0
  } ],
  "testStage" : {
    "status" : "failed",
    "statusMessage" : "Expected value to be 10 because 5 should not be 10, but found 5.\nExpected string to be \"Expected\" with a length of 8, but \"Actual\" has a length of 6, differs near \"Act\" (index 0).\n",
    "statusTrace" : "NUnit.Framework.AssertionException: Expected value to be 10 because 5 should not be 10, but found 5.\nExpected string to be \"Expected\" with a length of 8, but \"Actual\" has a length of 6, differs near \"Act\" (index 0).\n\n   at FluentAssertions.Execution.LateBoundTestFramework.Throw(String message)\n   at FluentAssertions.Execution.TestFrameworkProvider.Throw(String message)\n   at FluentAssertions.Execution.CollectingAssertionStrategy.ThrowIfAny(IDictionary`2 context)\n   at Automated.API.Tests.Steps.Examples.ExampleFluentAssertionSteps.WhenCustomAssertionStep() in /home/runner/work/Automated/Automated/Automated.API.Tests/Steps/Examples/ExampleFluentAssertionSteps.cs:line 23\n   at TechTalk.SpecFlow.Bindings.BindingInvoker.InvokeBinding(IBinding binding, IContextManager contextManager, Object[] arguments, ITestTracer testTracer, TimeSpan& duration)\n   at Allure.SpecFlowPlugin.AllureBindingInvoker.InvokeBinding(IBinding binding, IContextManager contextManager, Object[] arguments, ITestTracer testTracer, TimeSpan& duration)\n   at TechTalk.SpecFlow.Infrastructure.TestExecutionEngine.ExecuteStepMatch(BindingMatch match, Object[] arguments)\n   at TechTalk.SpecFlow.Infrastructure.TestExecutionEngine.ExecuteStep(IContextManager contextManager, StepInstance stepInstance)",
    "steps" : [ {
      "name" : "Given  Assertion scope step",
      "time" : {
        "start" : 1638276613717,
        "stop" : 1638276613879,
        "duration" : 162
      },
      "status" : "failed",
      "steps" : [ ],
      "attachments" : [ ],
      "parameters" : [ ],
      "shouldDisplayMessage" : false,
      "hasContent" : false,
      "stepsCount" : 0,
      "attachmentsCount" : 0
    } ],
    "attachments" : [ ],
    "parameters" : [ ],
    "shouldDisplayMessage" : true,
    "hasContent" : true,
    "stepsCount" : 1,
    "attachmentsCount" : 0
  },
  "afterStages" : [ {
    "name" : "AddLogsToAllure [0]",
    "time" : {
      "start" : 1638276613883,
      "stop" : 1638276613883,
      "duration" : 0
    },
    "status" : "passed",
    "steps" : [ ],
    "attachments" : [ {
      "uid" : "87d55472395eaa42",
      "name" : "Copy Assertion scope_54cdbc17-7833-4ab0-b995-d317f4cf5201.log",
      "source" : "87d55472395eaa42.log",
      "type" : "text/plain",
      "size" : 207
    } ],
    "parameters" : [ ],
    "shouldDisplayMessage" : false,
    "hasContent" : true,
    "stepsCount" : 0,
    "attachmentsCount" : 1
  }, {
    "name" : "AfterFeature [0]",
    "time" : {
      "start" : 1638276613890,
      "stop" : 1638276613890,
      "duration" : 0
    },
    "status" : "passed",
    "steps" : [ ],
    "attachments" : [ ],
    "parameters" : [ ],
    "shouldDisplayMessage" : false,
    "hasContent" : false,
    "stepsCount" : 0,
    "attachmentsCount" : 0
  } ],
  "labels" : [ {
    "name" : "thread",
    "value" : "ParallelWorker#1"
  }, {
    "name" : "host",
    "value" : "fv-az252-415"
  }, {
    "name" : "feature",
    "value" : "Example Fluent Assertion"
  }, {
    "name" : "resultFormat",
    "value" : "allure2"
  } ],
  "parameters" : [ ],
  "links" : [ ],
  "hidden" : false,
  "retry" : false,
  "extra" : {
    "severity" : "normal",
    "retries" : [ ],
    "categories" : [ {
      "name" : "Product defects",
      "matchedStatuses" : [ ],
      "flaky" : false
    } ],
    "history" : {
      "statistic" : {
        "failed" : 5,
        "broken" : 0,
        "skipped" : 0,
        "passed" : 0,
        "unknown" : 0,
        "total" : 5
      },
      "items" : [ {
        "uid" : "649c34523136211b",
        "reportUrl" : "https://pavliukStanislav.github.io/Automated/144//#testresult/649c34523136211b",
        "status" : "failed",
        "statusDetails" : "Expected value to be 10 because 5 should not be 10, but found 5.\nExpected string to be \"Expected\" with a length of 8, but \"Actual\" has a length of 6, differs near \"Act\" (index 0).\n",
        "time" : {
          "start" : 1638213863687,
          "stop" : 1638213863875,
          "duration" : 188
        }
      }, {
        "uid" : "6a2116a882b3ad36",
        "reportUrl" : "https://pavliukStanislav.github.io/Automated/143//#testresult/6a2116a882b3ad36",
        "status" : "failed",
        "statusDetails" : "Expected value to be 10 because 5 should not be 10, but found 5.\nExpected string to be \"Expected\" with a length of 8, but \"Actual\" has a length of 6, differs near \"Act\" (index 0).\n",
        "time" : {
          "start" : 1638040557038,
          "stop" : 1638040557219,
          "duration" : 181
        }
      }, {
        "uid" : "dcda19205fe3abbf",
        "reportUrl" : "https://pavliukStanislav.github.io/Automated/142//#testresult/dcda19205fe3abbf",
        "status" : "failed",
        "statusDetails" : "Expected value to be 10 because 5 should not be 10, but found 5.\nExpected string to be \"Expected\" with a length of 8, but \"Actual\" has a length of 6, differs near \"Act\" (index 0).\n",
        "time" : {
          "start" : 1637713720124,
          "stop" : 1637713720286,
          "duration" : 162
        }
      }, {
        "uid" : "ed936ff326e7d1c3",
        "reportUrl" : "https://pavliukStanislav.github.io/Automated/141//#testresult/ed936ff326e7d1c3",
        "status" : "failed",
        "statusDetails" : "Expected value to be 10 because 5 should not be 10, but found 5.\nExpected string to be \"Expected\" with a length of 8, but \"Actual\" has a length of 6, differs near \"Act\" (index 0).\n",
        "time" : {
          "start" : 1637713448694,
          "stop" : 1637713448858,
          "duration" : 164
        }
      } ]
    },
    "tags" : [ ]
  },
  "source" : "da5b816d0e59e717.json",
  "parameterValues" : [ ]
}