{
  "uid" : "14fb5550f44d7dd4",
  "name" : "assertion scope",
  "fullName" : "assertion scope",
  "historyId" : "assertion scope",
  "time" : {
    "start" : 1614531921345,
    "stop" : 1614531921477,
    "duration" : 132
  },
  "status" : "failed",
  "statusMessage" : "Expected value to be 10 because 5 should not be 10, but found 5.\nExpected string to be \"Expected\" with a length of 8, but \"Actual\" has a length of 6, differs near \"Act\" (index 0).\n",
  "statusTrace" : "NUnit.Framework.AssertionException: Expected value to be 10 because 5 should not be 10, but found 5.\nExpected string to be \"Expected\" with a length of 8, but \"Actual\" has a length of 6, differs near \"Act\" (index 0).\n\n   at FluentAssertions.Execution.LateBoundTestFramework.Throw(String message)\n   at FluentAssertions.Execution.TestFrameworkProvider.Throw(String message)\n   at FluentAssertions.Execution.CollectingAssertionStrategy.ThrowIfAny(IDictionary`2 context)\n   at Automated.Steps.Examples.ExampleFluentAssertionSteps.WhenCustomAssertion() in /home/runner/work/Automated/Automated/Automated/Steps/Examples/ExampleFluentAssertionSteps.cs:line 24\n   at TechTalk.SpecFlow.Bindings.BindingInvoker.InvokeBinding(IBinding binding, IContextManager contextManager, Object[] arguments, ITestTracer testTracer, TimeSpan& duration)\n   at Allure.SpecFlowPlugin.AllureBindingInvoker.InvokeBinding(IBinding binding, IContextManager contextManager, Object[] arguments, ITestTracer testTracer, TimeSpan& duration)\n   at TechTalk.SpecFlow.Infrastructure.TestExecutionEngine.ExecuteStepMatch(BindingMatch match, Object[] arguments)\n   at TechTalk.SpecFlow.Infrastructure.TestExecutionEngine.ExecuteStep(IContextManager contextManager, StepInstance stepInstance)",
  "flaky" : false,
  "newFailed" : false,
  "beforeStages" : [ {
    "name" : "BeforeScenario [0]",
    "time" : {
      "start" : 1614531921345,
      "stop" : 1614531921345,
      "duration" : 0
    },
    "status" : "passed",
    "steps" : [ ],
    "attachments" : [ ],
    "parameters" : [ ],
    "stepsCount" : 0,
    "attachmentsCount" : 0,
    "shouldDisplayMessage" : false,
    "hasContent" : false
  }, {
    "name" : "BeforeFeature [0]",
    "time" : {
      "start" : 1614531921260,
      "stop" : 1614531921260,
      "duration" : 0
    },
    "status" : "passed",
    "steps" : [ ],
    "attachments" : [ ],
    "parameters" : [ ],
    "stepsCount" : 0,
    "attachmentsCount" : 0,
    "shouldDisplayMessage" : false,
    "hasContent" : false
  } ],
  "testStage" : {
    "status" : "failed",
    "statusMessage" : "Expected value to be 10 because 5 should not be 10, but found 5.\nExpected string to be \"Expected\" with a length of 8, but \"Actual\" has a length of 6, differs near \"Act\" (index 0).\n",
    "statusTrace" : "NUnit.Framework.AssertionException: Expected value to be 10 because 5 should not be 10, but found 5.\nExpected string to be \"Expected\" with a length of 8, but \"Actual\" has a length of 6, differs near \"Act\" (index 0).\n\n   at FluentAssertions.Execution.LateBoundTestFramework.Throw(String message)\n   at FluentAssertions.Execution.TestFrameworkProvider.Throw(String message)\n   at FluentAssertions.Execution.CollectingAssertionStrategy.ThrowIfAny(IDictionary`2 context)\n   at Automated.Steps.Examples.ExampleFluentAssertionSteps.WhenCustomAssertion() in /home/runner/work/Automated/Automated/Automated/Steps/Examples/ExampleFluentAssertionSteps.cs:line 24\n   at TechTalk.SpecFlow.Bindings.BindingInvoker.InvokeBinding(IBinding binding, IContextManager contextManager, Object[] arguments, ITestTracer testTracer, TimeSpan& duration)\n   at Allure.SpecFlowPlugin.AllureBindingInvoker.InvokeBinding(IBinding binding, IContextManager contextManager, Object[] arguments, ITestTracer testTracer, TimeSpan& duration)\n   at TechTalk.SpecFlow.Infrastructure.TestExecutionEngine.ExecuteStepMatch(BindingMatch match, Object[] arguments)\n   at TechTalk.SpecFlow.Infrastructure.TestExecutionEngine.ExecuteStep(IContextManager contextManager, StepInstance stepInstance)",
    "steps" : [ {
      "name" : "Given  assertion scope",
      "time" : {
        "start" : 1614531921345,
        "stop" : 1614531921473,
        "duration" : 128
      },
      "status" : "failed",
      "steps" : [ ],
      "attachments" : [ ],
      "parameters" : [ ],
      "stepsCount" : 0,
      "attachmentsCount" : 0,
      "shouldDisplayMessage" : false,
      "hasContent" : false
    } ],
    "attachments" : [ ],
    "parameters" : [ ],
    "stepsCount" : 1,
    "attachmentsCount" : 0,
    "shouldDisplayMessage" : true,
    "hasContent" : true
  },
  "afterStages" : [ {
    "name" : "AfterFeature [0]",
    "time" : {
      "start" : 1614531921482,
      "stop" : 1614531921482,
      "duration" : 0
    },
    "status" : "passed",
    "steps" : [ ],
    "attachments" : [ ],
    "parameters" : [ ],
    "stepsCount" : 0,
    "attachmentsCount" : 0,
    "shouldDisplayMessage" : false,
    "hasContent" : false
  } ],
  "labels" : [ {
    "name" : "thread",
    "value" : "ParallelWorker#2"
  }, {
    "name" : "host",
    "value" : "fv-az181-99"
  }, {
    "name" : "feature",
    "value" : "Example Fluent Assertion"
  }, {
    "name" : "resultFormat",
    "value" : "allure2"
  } ],
  "parameters" : [ ],
  "links" : [ ],
  "hidden" : false,
  "retry" : false,
  "extra" : {
    "severity" : "normal",
    "retries" : [ ],
    "categories" : [ {
      "name" : "Product defects",
      "matchedStatuses" : [ ],
      "flaky" : false
    } ],
    "history" : {
      "statistic" : {
        "failed" : 4,
        "broken" : 0,
        "skipped" : 0,
        "passed" : 0,
        "unknown" : 0,
        "total" : 4
      },
      "items" : [ {
        "uid" : "d2f0ba116b5eaf21",
        "reportUrl" : "https://pavliukStanislav.github.io/Automated/108//#testresult/d2f0ba116b5eaf21",
        "status" : "failed",
        "statusDetails" : "Expected value to be 10 because 5 should not be 10, but found 5.\nExpected string to be \"Expected\" with a length of 8, but \"Actual\" has a length of 6, differs near \"Act\" (index 0).\n",
        "time" : {
          "start" : 1613123889086,
          "stop" : 1613123889198,
          "duration" : 112
        }
      }, {
        "uid" : "3b0a55e58c1a276e",
        "reportUrl" : "https://pavliukStanislav.github.io/Automated/107//#testresult/3b0a55e58c1a276e",
        "status" : "failed",
        "statusDetails" : "Expected value to be 10 because 5 should not be 10, but found 5.\nExpected string to be \"Expected\" with a length of 8, but \"Actual\" has a length of 6, differs near \"Act\" (index 0).\n",
        "time" : {
          "start" : 1613123720846,
          "stop" : 1613123720970,
          "duration" : 124
        }
      }, {
        "uid" : "62bc3034d67f2239",
        "reportUrl" : "https://pavliukStanislav.github.io/Automated/106//#testresult/62bc3034d67f2239",
        "status" : "failed",
        "statusDetails" : "Expected value to be 10 because 5 should not be 10, but found 5.\nExpected string to be \"Expected\" with a length of 8, but \"Actual\" has a length of 6, differs near \"Act\" (index 0).\n",
        "time" : {
          "start" : 1613123490973,
          "stop" : 1613123491086,
          "duration" : 113
        }
      } ]
    },
    "tags" : [ ]
  },
  "source" : "14fb5550f44d7dd4.json",
  "parameterValues" : [ ]
}