{
  "uid" : "dcda19205fe3abbf",
  "name" : "Assertion scope",
  "fullName" : "Assertion scope",
  "historyId" : "Assertion scope",
  "time" : {
    "start" : 1637713720124,
    "stop" : 1637713720286,
    "duration" : 162
  },
  "status" : "failed",
  "statusMessage" : "Expected value to be 10 because 5 should not be 10, but found 5.\nExpected string to be \"Expected\" with a length of 8, but \"Actual\" has a length of 6, differs near \"Act\" (index 0).\n",
  "statusTrace" : "NUnit.Framework.AssertionException: Expected value to be 10 because 5 should not be 10, but found 5.\nExpected string to be \"Expected\" with a length of 8, but \"Actual\" has a length of 6, differs near \"Act\" (index 0).\n\n   at FluentAssertions.Execution.LateBoundTestFramework.Throw(String message)\n   at FluentAssertions.Execution.TestFrameworkProvider.Throw(String message)\n   at FluentAssertions.Execution.CollectingAssertionStrategy.ThrowIfAny(IDictionary`2 context)\n   at Automated.API.Tests.Steps.Examples.ExampleFluentAssertionSteps.WhenCustomAssertionStep() in /home/runner/work/Automated/Automated/Automated.API.Tests/Steps/Examples/ExampleFluentAssertionSteps.cs:line 23\n   at TechTalk.SpecFlow.Bindings.BindingInvoker.InvokeBinding(IBinding binding, IContextManager contextManager, Object[] arguments, ITestTracer testTracer, TimeSpan& duration)\n   at Allure.SpecFlowPlugin.AllureBindingInvoker.InvokeBinding(IBinding binding, IContextManager contextManager, Object[] arguments, ITestTracer testTracer, TimeSpan& duration)\n   at TechTalk.SpecFlow.Infrastructure.TestExecutionEngine.ExecuteStepMatch(BindingMatch match, Object[] arguments)\n   at TechTalk.SpecFlow.Infrastructure.TestExecutionEngine.ExecuteStep(IContextManager contextManager, StepInstance stepInstance)",
  "flaky" : false,
  "newFailed" : false,
  "beforeStages" : [ {
    "name" : "CreateLoggerInstance [0]",
    "time" : {
      "start" : 1637713720123,
      "stop" : 1637713720124,
      "duration" : 1
    },
    "status" : "passed",
    "steps" : [ ],
    "attachments" : [ ],
    "parameters" : [ ],
    "stepsCount" : 0,
    "attachmentsCount" : 0,
    "shouldDisplayMessage" : false,
    "hasContent" : false
  }, {
    "name" : "BeforeFeature [0]",
    "time" : {
      "start" : 1637713719963,
      "stop" : 1637713719965,
      "duration" : 2
    },
    "status" : "passed",
    "steps" : [ ],
    "attachments" : [ ],
    "parameters" : [ ],
    "stepsCount" : 0,
    "attachmentsCount" : 0,
    "shouldDisplayMessage" : false,
    "hasContent" : false
  } ],
  "testStage" : {
    "status" : "failed",
    "statusMessage" : "Expected value to be 10 because 5 should not be 10, but found 5.\nExpected string to be \"Expected\" with a length of 8, but \"Actual\" has a length of 6, differs near \"Act\" (index 0).\n",
    "statusTrace" : "NUnit.Framework.AssertionException: Expected value to be 10 because 5 should not be 10, but found 5.\nExpected string to be \"Expected\" with a length of 8, but \"Actual\" has a length of 6, differs near \"Act\" (index 0).\n\n   at FluentAssertions.Execution.LateBoundTestFramework.Throw(String message)\n   at FluentAssertions.Execution.TestFrameworkProvider.Throw(String message)\n   at FluentAssertions.Execution.CollectingAssertionStrategy.ThrowIfAny(IDictionary`2 context)\n   at Automated.API.Tests.Steps.Examples.ExampleFluentAssertionSteps.WhenCustomAssertionStep() in /home/runner/work/Automated/Automated/Automated.API.Tests/Steps/Examples/ExampleFluentAssertionSteps.cs:line 23\n   at TechTalk.SpecFlow.Bindings.BindingInvoker.InvokeBinding(IBinding binding, IContextManager contextManager, Object[] arguments, ITestTracer testTracer, TimeSpan& duration)\n   at Allure.SpecFlowPlugin.AllureBindingInvoker.InvokeBinding(IBinding binding, IContextManager contextManager, Object[] arguments, ITestTracer testTracer, TimeSpan& duration)\n   at TechTalk.SpecFlow.Infrastructure.TestExecutionEngine.ExecuteStepMatch(BindingMatch match, Object[] arguments)\n   at TechTalk.SpecFlow.Infrastructure.TestExecutionEngine.ExecuteStep(IContextManager contextManager, StepInstance stepInstance)",
    "steps" : [ {
      "name" : "Given  Assertion scope step",
      "time" : {
        "start" : 1637713720124,
        "stop" : 1637713720282,
        "duration" : 158
      },
      "status" : "failed",
      "steps" : [ ],
      "attachments" : [ ],
      "parameters" : [ ],
      "stepsCount" : 0,
      "attachmentsCount" : 0,
      "shouldDisplayMessage" : false,
      "hasContent" : false
    } ],
    "attachments" : [ ],
    "parameters" : [ ],
    "stepsCount" : 1,
    "attachmentsCount" : 0,
    "shouldDisplayMessage" : true,
    "hasContent" : true
  },
  "afterStages" : [ {
    "name" : "AddLogsToAllure [0]",
    "time" : {
      "start" : 1637713720287,
      "stop" : 1637713720287,
      "duration" : 0
    },
    "status" : "passed",
    "steps" : [ ],
    "attachments" : [ {
      "uid" : "a3c178b25244eab3",
      "name" : "Copy Assertion scope_31c40a76-707c-4234-9f32-224e726ae504.log",
      "source" : "a3c178b25244eab3.log",
      "type" : "text/plain",
      "size" : 207
    } ],
    "parameters" : [ ],
    "stepsCount" : 0,
    "attachmentsCount" : 1,
    "shouldDisplayMessage" : false,
    "hasContent" : true
  }, {
    "name" : "AfterFeature [0]",
    "time" : {
      "start" : 1637713720294,
      "stop" : 1637713720294,
      "duration" : 0
    },
    "status" : "passed",
    "steps" : [ ],
    "attachments" : [ ],
    "parameters" : [ ],
    "stepsCount" : 0,
    "attachmentsCount" : 0,
    "shouldDisplayMessage" : false,
    "hasContent" : false
  } ],
  "labels" : [ {
    "name" : "thread",
    "value" : "ParallelWorker#1"
  }, {
    "name" : "host",
    "value" : "fv-az224-647"
  }, {
    "name" : "feature",
    "value" : "Example Fluent Assertion"
  }, {
    "name" : "resultFormat",
    "value" : "allure2"
  } ],
  "parameters" : [ ],
  "links" : [ ],
  "hidden" : false,
  "retry" : false,
  "extra" : {
    "severity" : "normal",
    "retries" : [ ],
    "categories" : [ {
      "name" : "Product defects",
      "matchedStatuses" : [ ],
      "flaky" : false
    } ],
    "history" : {
      "statistic" : {
        "failed" : 2,
        "broken" : 0,
        "skipped" : 0,
        "passed" : 0,
        "unknown" : 0,
        "total" : 2
      },
      "items" : [ {
        "uid" : "ed936ff326e7d1c3",
        "reportUrl" : "https://pavliukStanislav.github.io/Automated/141//#testresult/ed936ff326e7d1c3",
        "status" : "failed",
        "statusDetails" : "Expected value to be 10 because 5 should not be 10, but found 5.\nExpected string to be \"Expected\" with a length of 8, but \"Actual\" has a length of 6, differs near \"Act\" (index 0).\n",
        "time" : {
          "start" : 1637713448694,
          "stop" : 1637713448858,
          "duration" : 164
        }
      } ]
    },
    "tags" : [ ]
  },
  "source" : "dcda19205fe3abbf.json",
  "parameterValues" : [ ]
}